<?xml version="1.0" encoding="UTF-8"?>
<!-- Generated by org.testng.reporters.JUnitReportReporter -->
<testsuite hostname="JCPSI92RGPH2" name="ixigo.ixigoProject.Ixigo" tests="1" failures="0" timestamp="18 Jul 2020 19:31:37 GMT" time="31.508" errors="0">
  <testcase name="login" time="31.508" classname="ixigo.ixigoProject.Ixigo"/>
</testsuite> <!-- ixigo.ixigoProject.Ixigo -->
